0 info it worked if it ends with ok
1 verbose cli [ '/usr/local/Cellar/node/7.7.4/bin/node',
1 verbose cli   '/usr/local/bin/npm',
1 verbose cli   'start' ]
2 info using npm@4.1.2
3 info using node@v7.7.4
4 verbose run-script [ 'prestart', 'start', 'poststart' ]
5 info lifecycle 04-25-class01@0.0.1~prestart: 04-25-class01@0.0.1
6 silly lifecycle 04-25-class01@0.0.1~prestart: no script for prestart, continuing
7 info lifecycle 04-25-class01@0.0.1~start: 04-25-class01@0.0.1
8 verbose lifecycle 04-25-class01@0.0.1~start: unsafe-perm in lifecycle true
9 verbose lifecycle 04-25-class01@0.0.1~start: PATH: /usr/local/lib/node_modules/npm/bin/node-gyp-bin:/Users/allicampbell/okcoders/04-25-class01/node_modules/.bin:/Users/allicampbell/.rvm/gems/ruby-2.3.0/bin:/Users/allicampbell/.rvm/gems/ruby-2.3.0@global/bin:/Users/allicampbell/.rvm/rubies/ruby-2.3.0/bin:/usr/local/bin:/usr/bin:/bin:/usr/sbin:/sbin:/Users/allicampbell/.rvm/bin
10 verbose lifecycle 04-25-class01@0.0.1~start: CWD: /Users/allicampbell/okcoders/04-25-class01
11 silly lifecycle 04-25-class01@0.0.1~start: Args: [ '-c', 'node index.js' ]
12 silly lifecycle 04-25-class01@0.0.1~start: Returned: code: 1  signal: null
13 info lifecycle 04-25-class01@0.0.1~start: Failed to exec start script
14 verbose stack Error: 04-25-class01@0.0.1 start: `node index.js`
14 verbose stack Exit status 1
14 verbose stack     at EventEmitter.<anonymous> (/usr/local/lib/node_modules/npm/lib/utils/lifecycle.js:279:16)
14 verbose stack     at emitTwo (events.js:106:13)
14 verbose stack     at EventEmitter.emit (events.js:194:7)
14 verbose stack     at ChildProcess.<anonymous> (/usr/local/lib/node_modules/npm/lib/utils/spawn.js:40:14)
14 verbose stack     at emitTwo (events.js:106:13)
14 verbose stack     at ChildProcess.emit (events.js:194:7)
14 verbose stack     at maybeClose (internal/child_process.js:899:16)
14 verbose stack     at Process.ChildProcess._handle.onexit (internal/child_process.js:226:5)
15 verbose pkgid 04-25-class01@0.0.1
16 verbose cwd /Users/allicampbell/okcoders/04-25-class01
17 error Darwin 16.4.0
18 error argv "/usr/local/Cellar/node/7.7.4/bin/node" "/usr/local/bin/npm" "start"
19 error node v7.7.4
20 error npm  v4.1.2
21 error code ELIFECYCLE
22 error 04-25-class01@0.0.1 start: `node index.js`
22 error Exit status 1
23 error Failed at the 04-25-class01@0.0.1 start script 'node index.js'.
23 error Make sure you have the latest version of node.js and npm installed.
23 error If you do, this is most likely a problem with the 04-25-class01 package,
23 error not with npm itself.
23 error Tell the author that this fails on your system:
23 error     node index.js
23 error You can get information on how to open an issue for this project with:
23 error     npm bugs 04-25-class01
23 error Or if that isn't available, you can get their info via:
23 error     npm owner ls 04-25-class01
23 error There is likely additional logging output above.
24 verbose exit [ 1, true ]
